Sun Jun  9 23:53:55 2024       
+-----------------------------------------------------------------------------+
| NVIDIA-SMI 525.105.17   Driver Version: 525.105.17   CUDA Version: 12.0     |
|-------------------------------+----------------------+----------------------+
| GPU  Name        Persistence-M| Bus-Id        Disp.A | Volatile Uncorr. ECC |
| Fan  Temp  Perf  Pwr:Usage/Cap|         Memory-Usage | GPU-Util  Compute M. |
|                               |                      |               MIG M. |
|===============================+======================+======================|
|   0  Tesla T4            On   | 00000000:06:00.0 Off |                    0 |
| N/A   36C    P8    15W /  70W |      0MiB / 15360MiB |      0%      Default |
|                               |                      |                  N/A |
+-------------------------------+----------------------+----------------------+
                                                                               
+-----------------------------------------------------------------------------+
| Processes:                                                                  |
|  GPU   GI   CI        PID   Type   Process name                  GPU Memory |
|        ID   ID                                                   Usage      |
|=============================================================================|
|  No running processes found                                                 |
+-----------------------------------------------------------------------------+
/projects/aieng/diffussion_bootcamp/models/tabular/tabsyn/adult
MLPDiffusion(
  (proj): Linear(in_features=60, out_features=1024, bias=True)
  (mlp): Sequential(
    (0): Linear(in_features=1024, out_features=2048, bias=True)
    (1): SiLU()
    (2): Linear(in_features=2048, out_features=2048, bias=True)
    (3): SiLU()
    (4): Linear(in_features=2048, out_features=1024, bias=True)
    (5): SiLU()
    (6): Linear(in_features=1024, out_features=60, bias=True)
  )
  (map_noise): PositionalEmbedding()
  (time_embed): Sequential(
    (0): Linear(in_features=1024, out_features=1024, bias=True)
    (1): SiLU()
    (2): Linear(in_features=1024, out_features=1024, bias=True)
  )
)
the number of parameters 10616892
Epoch 00147: reducing learning rate of group 0 to 9.0000e-04.
Epoch 00215: reducing learning rate of group 0 to 8.1000e-04.
Epoch 00248: reducing learning rate of group 0 to 7.2900e-04.
Epoch 00296: reducing learning rate of group 0 to 6.5610e-04.
Epoch 00357: reducing learning rate of group 0 to 5.9049e-04.
Epoch 00398: reducing learning rate of group 0 to 5.3144e-04.
Epoch 00427: reducing learning rate of group 0 to 4.7830e-04.
Epoch 00450: reducing learning rate of group 0 to 4.3047e-04.
Epoch 00479: reducing learning rate of group 0 to 3.8742e-04.
Epoch 00500: reducing learning rate of group 0 to 3.4868e-04.
Epoch 00524: reducing learning rate of group 0 to 3.1381e-04.
Epoch 00545: reducing learning rate of group 0 to 2.8243e-04.
Epoch 00575: reducing learning rate of group 0 to 2.5419e-04.
Epoch 00596: reducing learning rate of group 0 to 2.2877e-04.
Epoch 00623: reducing learning rate of group 0 to 2.0589e-04.
Epoch 00644: reducing learning rate of group 0 to 1.8530e-04.
Epoch 00679: reducing learning rate of group 0 to 1.6677e-04.
Epoch 00700: reducing learning rate of group 0 to 1.5009e-04.
Epoch 00730: reducing learning rate of group 0 to 1.3509e-04.
Epoch 00789: reducing learning rate of group 0 to 1.2158e-04.
Epoch 00810: reducing learning rate of group 0 to 1.0942e-04.
Epoch 00850: reducing learning rate of group 0 to 9.8477e-05.
Epoch 00871: reducing learning rate of group 0 to 8.8629e-05.
Epoch 00894: reducing learning rate of group 0 to 7.9766e-05.
Epoch 00915: reducing learning rate of group 0 to 7.1790e-05.
Epoch 00936: reducing learning rate of group 0 to 6.4611e-05.
Epoch 00957: reducing learning rate of group 0 to 5.8150e-05.
Epoch 00982: reducing learning rate of group 0 to 5.2335e-05.
Epoch 01003: reducing learning rate of group 0 to 4.7101e-05.
Epoch 01024: reducing learning rate of group 0 to 4.2391e-05.
Epoch 01045: reducing learning rate of group 0 to 3.8152e-05.
Epoch 01074: reducing learning rate of group 0 to 3.4337e-05.
Epoch 01095: reducing learning rate of group 0 to 3.0903e-05.
Epoch 01118: reducing learning rate of group 0 to 2.7813e-05.
Epoch 01139: reducing learning rate of group 0 to 2.5032e-05.
Epoch 01160: reducing learning rate of group 0 to 2.2528e-05.
Epoch 01182: reducing learning rate of group 0 to 2.0276e-05.
Epoch 01203: reducing learning rate of group 0 to 1.8248e-05.
Epoch 01224: reducing learning rate of group 0 to 1.6423e-05.
Epoch 01245: reducing learning rate of group 0 to 1.4781e-05.
Epoch 01286: reducing learning rate of group 0 to 1.3303e-05.
Epoch 01307: reducing learning rate of group 0 to 1.1973e-05.
Epoch 01328: reducing learning rate of group 0 to 1.0775e-05.
Epoch 01349: reducing learning rate of group 0 to 9.6977e-06.
Epoch 01370: reducing learning rate of group 0 to 8.7280e-06.
Early stopping
Time:  1274.772978067398
