Sun Jun  9 23:54:05 2024       
+-----------------------------------------------------------------------------+
| NVIDIA-SMI 525.105.17   Driver Version: 525.105.17   CUDA Version: 12.0     |
|-------------------------------+----------------------+----------------------+
| GPU  Name        Persistence-M| Bus-Id        Disp.A | Volatile Uncorr. ECC |
| Fan  Temp  Perf  Pwr:Usage/Cap|         Memory-Usage | GPU-Util  Compute M. |
|                               |                      |               MIG M. |
|===============================+======================+======================|
|   0  Tesla T4            On   | 00000000:06:00.0 Off |                    0 |
| N/A   37C    P8    16W /  70W |      0MiB / 15360MiB |      0%      Default |
|                               |                      |                  N/A |
+-------------------------------+----------------------+----------------------+
                                                                               
+-----------------------------------------------------------------------------+
| Processes:                                                                  |
|  GPU   GI   CI        PID   Type   Process name                  GPU Memory |
|        ID   ID                                                   Usage      |
|=============================================================================|
|  No running processes found                                                 |
+-----------------------------------------------------------------------------+
/projects/aieng/diffussion_bootcamp/models/tabular/tabsyn/beijing
MLPDiffusion(
  (proj): Linear(in_features=48, out_features=1024, bias=True)
  (mlp): Sequential(
    (0): Linear(in_features=1024, out_features=2048, bias=True)
    (1): SiLU()
    (2): Linear(in_features=2048, out_features=2048, bias=True)
    (3): SiLU()
    (4): Linear(in_features=2048, out_features=1024, bias=True)
    (5): SiLU()
    (6): Linear(in_features=1024, out_features=48, bias=True)
  )
  (map_noise): PositionalEmbedding()
  (time_embed): Sequential(
    (0): Linear(in_features=1024, out_features=1024, bias=True)
    (1): SiLU()
    (2): Linear(in_features=1024, out_features=1024, bias=True)
  )
)
the number of parameters 10592304
Epoch 00194: reducing learning rate of group 0 to 9.0000e-04.
Epoch 00215: reducing learning rate of group 0 to 8.1000e-04.
Epoch 00236: reducing learning rate of group 0 to 7.2900e-04.
Epoch 00257: reducing learning rate of group 0 to 6.5610e-04.
Epoch 00278: reducing learning rate of group 0 to 5.9049e-04.
Epoch 00299: reducing learning rate of group 0 to 5.3144e-04.
Epoch 00320: reducing learning rate of group 0 to 4.7830e-04.
Epoch 00341: reducing learning rate of group 0 to 4.3047e-04.
Epoch 00362: reducing learning rate of group 0 to 3.8742e-04.
Epoch 00383: reducing learning rate of group 0 to 3.4868e-04.
Epoch 00404: reducing learning rate of group 0 to 3.1381e-04.
Epoch 00425: reducing learning rate of group 0 to 2.8243e-04.
Epoch 00446: reducing learning rate of group 0 to 2.5419e-04.
Epoch 00467: reducing learning rate of group 0 to 2.2877e-04.
Epoch 00488: reducing learning rate of group 0 to 2.0589e-04.
Epoch 00509: reducing learning rate of group 0 to 1.8530e-04.
Epoch 00530: reducing learning rate of group 0 to 1.6677e-04.
Epoch 00551: reducing learning rate of group 0 to 1.5009e-04.
Epoch 00572: reducing learning rate of group 0 to 1.3509e-04.
Epoch 00593: reducing learning rate of group 0 to 1.2158e-04.
Epoch 00614: reducing learning rate of group 0 to 1.0942e-04.
Epoch 00635: reducing learning rate of group 0 to 9.8477e-05.
Early stopping
Time:  605.7470231056213
