Sun Jun  9 23:54:01 2024       
+-----------------------------------------------------------------------------+
| NVIDIA-SMI 525.105.17   Driver Version: 525.105.17   CUDA Version: 12.0     |
|-------------------------------+----------------------+----------------------+
| GPU  Name        Persistence-M| Bus-Id        Disp.A | Volatile Uncorr. ECC |
| Fan  Temp  Perf  Pwr:Usage/Cap|         Memory-Usage | GPU-Util  Compute M. |
|                               |                      |               MIG M. |
|===============================+======================+======================|
|   0  Tesla T4            On   | 00000000:06:00.0 Off |                    0 |
| N/A   35C    P8    15W /  70W |      0MiB / 15360MiB |      0%      Default |
|                               |                      |                  N/A |
+-------------------------------+----------------------+----------------------+
                                                                               
+-----------------------------------------------------------------------------+
| Processes:                                                                  |
|  GPU   GI   CI        PID   Type   Process name                  GPU Memory |
|        ID   ID                                                   Usage      |
|=============================================================================|
|  No running processes found                                                 |
+-----------------------------------------------------------------------------+
/projects/aieng/diffussion_bootcamp/models/tabular/tabsyn/default
MLPDiffusion(
  (proj): Linear(in_features=96, out_features=1024, bias=True)
  (mlp): Sequential(
    (0): Linear(in_features=1024, out_features=2048, bias=True)
    (1): SiLU()
    (2): Linear(in_features=2048, out_features=2048, bias=True)
    (3): SiLU()
    (4): Linear(in_features=2048, out_features=1024, bias=True)
    (5): SiLU()
    (6): Linear(in_features=1024, out_features=96, bias=True)
  )
  (map_noise): PositionalEmbedding()
  (time_embed): Sequential(
    (0): Linear(in_features=1024, out_features=1024, bias=True)
    (1): SiLU()
    (2): Linear(in_features=1024, out_features=1024, bias=True)
  )
)
the number of parameters 10690656
Epoch 00325: reducing learning rate of group 0 to 9.0000e-04.
Epoch 00346: reducing learning rate of group 0 to 8.1000e-04.
Epoch 00390: reducing learning rate of group 0 to 7.2900e-04.
Epoch 00414: reducing learning rate of group 0 to 6.5610e-04.
Epoch 00443: reducing learning rate of group 0 to 5.9049e-04.
Epoch 00464: reducing learning rate of group 0 to 5.3144e-04.
Epoch 00547: reducing learning rate of group 0 to 4.7830e-04.
Epoch 00590: reducing learning rate of group 0 to 4.3047e-04.
Epoch 00654: reducing learning rate of group 0 to 3.8742e-04.
Epoch 00685: reducing learning rate of group 0 to 3.4868e-04.
Epoch 00708: reducing learning rate of group 0 to 3.1381e-04.
Epoch 00729: reducing learning rate of group 0 to 2.8243e-04.
Epoch 00770: reducing learning rate of group 0 to 2.5419e-04.
Epoch 00791: reducing learning rate of group 0 to 2.2877e-04.
Epoch 00827: reducing learning rate of group 0 to 2.0589e-04.
Epoch 00850: reducing learning rate of group 0 to 1.8530e-04.
Epoch 00871: reducing learning rate of group 0 to 1.6677e-04.
Epoch 00908: reducing learning rate of group 0 to 1.5009e-04.
Epoch 00934: reducing learning rate of group 0 to 1.3509e-04.
Epoch 00955: reducing learning rate of group 0 to 1.2158e-04.
Epoch 00999: reducing learning rate of group 0 to 1.0942e-04.
Epoch 01020: reducing learning rate of group 0 to 9.8477e-05.
Epoch 01041: reducing learning rate of group 0 to 8.8629e-05.
Epoch 01062: reducing learning rate of group 0 to 7.9766e-05.
Epoch 01083: reducing learning rate of group 0 to 7.1790e-05.
Epoch 01104: reducing learning rate of group 0 to 6.4611e-05.
Epoch 01125: reducing learning rate of group 0 to 5.8150e-05.
Epoch 01146: reducing learning rate of group 0 to 5.2335e-05.
Epoch 01167: reducing learning rate of group 0 to 4.7101e-05.
Epoch 01188: reducing learning rate of group 0 to 4.2391e-05.
Epoch 01209: reducing learning rate of group 0 to 3.8152e-05.
Epoch 01230: reducing learning rate of group 0 to 3.4337e-05.
Early stopping
Time:  1036.0247266292572
