Sun Jun  9 23:54:13 2024       
+-----------------------------------------------------------------------------+
| NVIDIA-SMI 525.105.17   Driver Version: 525.105.17   CUDA Version: 12.0     |
|-------------------------------+----------------------+----------------------+
| GPU  Name        Persistence-M| Bus-Id        Disp.A | Volatile Uncorr. ECC |
| Fan  Temp  Perf  Pwr:Usage/Cap|         Memory-Usage | GPU-Util  Compute M. |
|                               |                      |               MIG M. |
|===============================+======================+======================|
|   0  Tesla T4            On   | 00000000:06:00.0 Off |                    0 |
| N/A   35C    P8    15W /  70W |      0MiB / 15360MiB |      0%      Default |
|                               |                      |                  N/A |
+-------------------------------+----------------------+----------------------+
                                                                               
+-----------------------------------------------------------------------------+
| Processes:                                                                  |
|  GPU   GI   CI        PID   Type   Process name                  GPU Memory |
|        ID   ID                                                   Usage      |
|=============================================================================|
|  No running processes found                                                 |
+-----------------------------------------------------------------------------+
/projects/aieng/diffussion_bootcamp/models/tabular/tabsyn/magic
MLPDiffusion(
  (proj): Linear(in_features=44, out_features=1024, bias=True)
  (mlp): Sequential(
    (0): Linear(in_features=1024, out_features=2048, bias=True)
    (1): SiLU()
    (2): Linear(in_features=2048, out_features=2048, bias=True)
    (3): SiLU()
    (4): Linear(in_features=2048, out_features=1024, bias=True)
    (5): SiLU()
    (6): Linear(in_features=1024, out_features=44, bias=True)
  )
  (map_noise): PositionalEmbedding()
  (time_embed): Sequential(
    (0): Linear(in_features=1024, out_features=1024, bias=True)
    (1): SiLU()
    (2): Linear(in_features=1024, out_features=1024, bias=True)
  )
)
the number of parameters 10584108
Epoch 00151: reducing learning rate of group 0 to 9.0000e-04.
Epoch 00207: reducing learning rate of group 0 to 8.1000e-04.
Epoch 00247: reducing learning rate of group 0 to 7.2900e-04.
Epoch 00353: reducing learning rate of group 0 to 6.5610e-04.
Epoch 00407: reducing learning rate of group 0 to 5.9049e-04.
Epoch 00428: reducing learning rate of group 0 to 5.3144e-04.
Epoch 00467: reducing learning rate of group 0 to 4.7830e-04.
Epoch 00513: reducing learning rate of group 0 to 4.3047e-04.
Epoch 00552: reducing learning rate of group 0 to 3.8742e-04.
Epoch 00576: reducing learning rate of group 0 to 3.4868e-04.
Epoch 00597: reducing learning rate of group 0 to 3.1381e-04.
Epoch 00618: reducing learning rate of group 0 to 2.8243e-04.
Epoch 00657: reducing learning rate of group 0 to 2.5419e-04.
Epoch 00696: reducing learning rate of group 0 to 2.2877e-04.
Epoch 00734: reducing learning rate of group 0 to 2.0589e-04.
Epoch 00755: reducing learning rate of group 0 to 1.8530e-04.
Epoch 00780: reducing learning rate of group 0 to 1.6677e-04.
Epoch 00801: reducing learning rate of group 0 to 1.5009e-04.
Epoch 00822: reducing learning rate of group 0 to 1.3509e-04.
Epoch 00862: reducing learning rate of group 0 to 1.2158e-04.
Epoch 00883: reducing learning rate of group 0 to 1.0942e-04.
Epoch 00922: reducing learning rate of group 0 to 9.8477e-05.
Epoch 00943: reducing learning rate of group 0 to 8.8629e-05.
Epoch 00964: reducing learning rate of group 0 to 7.9766e-05.
Epoch 00985: reducing learning rate of group 0 to 7.1790e-05.
Early stopping
Time:  610.0538954734802
